-------------------------------------------------------------------------------
Test set: WhenAUserSearchesOnGoogle
-------------------------------------------------------------------------------
Tests run: 1, Failures: 1, Errors: 0, Skipped: 0, Time elapsed: 4.717 sec <<< FAILURE!
whenSearchingForSeleniumResultShouldContainSelenium(WhenAUserSearchesOnGoogle)  Time elapsed: 4.607 sec  <<< FAILURE!
java.lang.AssertionError: 
Expected: a string containing "selenium"
     got: "Google"

	at org.junit.Assert.assertThat(Assert.java:778)
	at org.junit.Assert.assertThat(Assert.java:736)
	at WhenAUserSearchesOnGoogle.whenSearchingForSeleniumResultShouldContainSelenium(WhenAUserSearchesOnGoogle.java:42)

